Installing dependencies from lock file (including require-dev)
Verifying lock file contents can be installed on current platform.
Package operations: 133 installs, 0 updates, 0 removals
  - Downloading pestphp/pest-plugin (v4.0.0)
  - Downloading symfony/process (v7.4.0)
  - Downloading symfony/polyfill-mbstring (v1.33.0)
  - Downloading symfony/polyfill-intl-normalizer (v1.33.0)
  - Downloading symfony/polyfill-intl-grapheme (v1.33.0)
  - Downloading symfony/polyfill-ctype (v1.33.0)
  - Downloading symfony/deprecation-contracts (v3.6.0)
  - Downloading symfony/string (v7.4.0)
  - Downloading psr/container (2.0.2)
  - Downloading symfony/service-contracts (v3.6.1)
  - Downloading symfony/console (v7.4.0)
  - Downloading sebastian/environment (8.0.3)
  - Downloading staabm/side-effects-detector (1.0.5)
  - Downloading sebastian/version (6.0.0)
  - Downloading sebastian/type (6.0.3)
  - Downloading sebastian/recursion-context (7.0.1)
  - Downloading sebastian/object-reflector (5.0.0)
  - Downloading sebastian/object-enumerator (7.0.0)
  - Downloading sebastian/global-state (8.0.2)
  - Downloading sebastian/exporter (7.0.2)
  - Downloading sebastian/diff (7.0.0)
  - Downloading sebastian/comparator (7.1.3)
  - Downloading sebastian/cli-parser (4.2.0)
  - Downloading phpunit/php-timer (8.0.0)
  - Downloading phpunit/php-text-template (5.0.0)
  - Downloading phpunit/php-invoker (6.0.0)
  - Downloading phpunit/php-file-iterator (6.0.0)
  - Downloading theseer/tokenizer (1.3.1)
  - Downloading nikic/php-parser (v5.6.2)
  - Downloading sebastian/lines-of-code (4.0.0)
  - Downloading sebastian/complexity (5.0.0)
  - Downloading phpunit/php-code-coverage (12.5.0)
  - Downloading phar-io/version (3.2.1)
  - Downloading phar-io/manifest (2.0.4)
  - Downloading myclabs/deep-copy (1.13.4)
  - Downloading phpunit/phpunit (12.4.4)
  - Downloading jean85/pretty-package-versions (2.1.1)
  - Downloading fidry/cpu-core-counter (1.3.0)
  - Downloading brianium/paratest (v7.15.0)
  - Downloading dasprid/enum (1.0.7)
  - Downloading doctrine/inflector (2.1.0)
  - Downloading doctrine/lexer (3.0.1)
  - Downloading dragonmantank/cron-expression (v3.6.0)
  - Downloading fakerphp/faker (v1.24.1)
  - Downloading symfony/http-foundation (v7.4.0)
  - Downloading fruitcake/php-cors (v1.4.0)
  - Downloading psr/http-message (2.0)
  - Downloading psr/http-client (1.0.3)
  - Downloading ralouphie/getallheaders (3.0.3)
  - Downloading psr/http-factory (1.1.0)
  - Downloading guzzlehttp/psr7 (2.8.0)
  - Downloading guzzlehttp/promises (2.3.0)
  - Downloading guzzlehttp/guzzle (7.10.0)
  - Downloading symfony/polyfill-php80 (v1.33.0)
  - Downloading guzzlehttp/uri-template (v1.0.5)
  - Downloading voku/portable-ascii (2.0.3)
  - Downloading phpoption/phpoption (1.9.4)
  - Downloading graham-campbell/result-type (v1.1.3)
  - Downloading vlucas/phpdotenv (v5.6.2)
  - Downloading symfony/css-selector (v7.4.0)
  - Downloading tijsverkoyen/css-to-inline-styles (v2.3.0)
  - Downloading symfony/var-dumper (v7.4.0)
  - Downloading symfony/polyfill-uuid (v1.33.0)
  - Downloading symfony/uid (v7.4.0)
  - Downloading symfony/routing (v7.4.0)
  - Downloading symfony/polyfill-php85 (v1.33.0)
  - Downloading symfony/polyfill-php84 (v1.33.0)
  - Downloading symfony/polyfill-php83 (v1.33.0)
  - Downloading symfony/polyfill-intl-idn (v1.33.0)
  - Downloading symfony/mime (v7.4.0)
  - Downloading psr/event-dispatcher (1.0.0)
  - Downloading symfony/event-dispatcher-contracts (v3.6.0)
  - Downloading symfony/event-dispatcher (v7.4.0)
  - Downloading psr/log (3.0.2)
  - Downloading egulias/email-validator (4.0.4)
  - Downloading symfony/mailer (v7.4.0)
  - Downloading symfony/error-handler (v7.4.0)
  - Downloading symfony/http-kernel (v7.4.0)
  - Downloading symfony/finder (v7.4.0)
  - Downloading ramsey/collection (2.1.1)
  - Downloading brick/math (0.14.1)
  - Downloading ramsey/uuid (4.9.1)
  - Downloading psr/simple-cache (3.0.0)
  - Downloading nunomaduro/termwind (v2.3.3)
  - Downloading symfony/translation-contracts (v3.6.1)
  - Downloading symfony/translation (v7.4.0)
  - Downloading psr/clock (1.0.0)
  - Downloading symfony/clock (v7.4.0)
  - Downloading carbonphp/carbon-doctrine-types (3.2.0)
  - Downloading nesbot/carbon (3.11.0)
  - Downloading monolog/monolog (3.9.0)
  - Downloading league/uri-interfaces (7.6.0)
  - Downloading league/uri (7.6.0)
  - Downloading league/mime-type-detection (1.16.0)
  - Downloading league/flysystem-local (3.30.2)
  - Downloading league/flysystem (3.30.2)
  - Downloading nette/utils (v4.1.0)
  - Downloading nette/schema (v1.3.3)
  - Downloading dflydev/dot-access-data (v3.0.3)
  - Downloading league/config (v1.2.0)
  - Downloading league/commonmark (2.8.0)
  - Downloading laravel/serializable-closure (v2.0.7)
  - Downloading laravel/prompts (v0.3.8)
  - Downloading laravel/framework (v12.41.1)
  - Downloading inertiajs/inertia-laravel (v2.0.11)
  - Downloading paragonie/constant_time_encoding (v3.1.3)
  - Downloading pragmarx/google2fa (v9.0.0)
  - Downloading bacon/bacon-qr-code (v3.0.3)
  - Downloading laravel/fortify (v1.32.1)
  - Downloading laravel/pail (v1.2.4)
  - Downloading laravel/pint (v1.26.0)
  - Downloading symfony/yaml (v7.4.0)
  - Downloading laravel/sail (v1.49.0)
  - Downloading laravel/sanctum (v4.2.1)
  - Downloading psy/psysh (v0.12.15)
  - Downloading laravel/tinker (v2.10.2)
  - Downloading phpstan/phpdoc-parser (2.3.0)
  - Downloading laravel/wayfinder (v0.1.12)
  - Downloading hamcrest/hamcrest-php (v2.1.1)
  - Downloading mockery/mockery (1.6.12)
  - Downloading filp/whoops (2.18.4)
  - Downloading nunomaduro/collision (v8.8.3)
  - Downloading webmozart/assert (1.12.1)
  - Downloading phpdocumentor/reflection-common (2.2.0)
  - Downloading doctrine/deprecations (1.1.5)
  - Downloading phpdocumentor/type-resolver (1.12.0)
  - Downloading phpdocumentor/reflection-docblock (5.6.5)
  - Downloading ta-tikoma/phpunit-architecture-test (0.8.5)
  - Downloading pestphp/pest-plugin-arch (v4.0.0)
  - Downloading pestphp/pest-plugin-profanity (v4.2.0)
  - Downloading pestphp/pest-plugin-mutate (v4.0.1)
  - Downloading pestphp/pest (v4.1.6)
  - Downloading pestphp/pest-plugin-laravel (v4.0.0)
   0/133 [>---------------------------]   0%
  17/133 [===>------------------------]  12%
  28/133 [=====>----------------------]  21%
  44/133 [=========>------------------]  33%
  55/133 [===========>----------------]  41%
  70/133 [==============>-------------]  52%
  84/133 [=================>----------]  63%
  95/133 [====================>-------]  71%
 111/133 [=======================>----]  83%
 124/133 [==========================>-]  93%
 133/133 [============================] 100%
  - Installing pestphp/pest-plugin (v4.0.0): Extracting archive
  - Installing symfony/process (v7.4.0): Extracting archive
  - Installing symfony/polyfill-mbstring (v1.33.0): Extracting archive
  - Installing symfony/polyfill-intl-normalizer (v1.33.0): Extracting archive
  - Installing symfony/polyfill-intl-grapheme (v1.33.0): Extracting archive
  - Installing symfony/polyfill-ctype (v1.33.0): Extracting archive
  - Installing symfony/deprecation-contracts (v3.6.0): Extracting archive
  - Installing symfony/string (v7.4.0): Extracting archive
  - Installing psr/container (2.0.2): Extracting archive
  - Installing symfony/service-contracts (v3.6.1): Extracting archive
  - Installing symfony/console (v7.4.0): Extracting archive
  - Installing sebastian/environment (8.0.3): Extracting archive
  - Installing staabm/side-effects-detector (1.0.5): Extracting archive
  - Installing sebastian/version (6.0.0): Extracting archive
  - Installing sebastian/type (6.0.3): Extracting archive
  - Installing sebastian/recursion-context (7.0.1): Extracting archive
  - Installing sebastian/object-reflector (5.0.0): Extracting archive
  - Installing sebastian/object-enumerator (7.0.0): Extracting archive
  - Installing sebastian/global-state (8.0.2): Extracting archive
  - Installing sebastian/exporter (7.0.2): Extracting archive
  - Installing sebastian/diff (7.0.0): Extracting archive
  - Installing sebastian/comparator (7.1.3): Extracting archive
  - Installing sebastian/cli-parser (4.2.0): Extracting archive
  - Installing phpunit/php-timer (8.0.0): Extracting archive
  - Installing phpunit/php-text-template (5.0.0): Extracting archive
  - Installing phpunit/php-invoker (6.0.0): Extracting archive
  - Installing phpunit/php-file-iterator (6.0.0): Extracting archive
  - Installing theseer/tokenizer (1.3.1): Extracting archive
  - Installing nikic/php-parser (v5.6.2): Extracting archive
  - Installing sebastian/lines-of-code (4.0.0): Extracting archive
  - Installing sebastian/complexity (5.0.0): Extracting archive
  - Installing phpunit/php-code-coverage (12.5.0): Extracting archive
  - Installing phar-io/version (3.2.1): Extracting archive
  - Installing phar-io/manifest (2.0.4): Extracting archive
  - Installing myclabs/deep-copy (1.13.4): Extracting archive
  - Installing phpunit/phpunit (12.4.4): Extracting archive
  - Installing jean85/pretty-package-versions (2.1.1): Extracting archive
  - Installing fidry/cpu-core-counter (1.3.0): Extracting archive
  - Installing brianium/paratest (v7.15.0): Extracting archive
  - Installing dasprid/enum (1.0.7): Extracting archive
  - Installing doctrine/inflector (2.1.0): Extracting archive
  - Installing doctrine/lexer (3.0.1): Extracting archive
  - Installing dragonmantank/cron-expression (v3.6.0): Extracting archive
  - Installing fakerphp/faker (v1.24.1): Extracting archive
  - Installing symfony/http-foundation (v7.4.0): Extracting archive
  - Installing fruitcake/php-cors (v1.4.0): Extracting archive
  - Installing psr/http-message (2.0): Extracting archive
  - Installing psr/http-client (1.0.3): Extracting archive
  - Installing ralouphie/getallheaders (3.0.3): Extracting archive
  - Installing psr/http-factory (1.1.0): Extracting archive
  - Installing guzzlehttp/psr7 (2.8.0): Extracting archive
  - Installing guzzlehttp/promises (2.3.0): Extracting archive
  - Installing guzzlehttp/guzzle (7.10.0): Extracting archive
  - Installing symfony/polyfill-php80 (v1.33.0): Extracting archive
  - Installing guzzlehttp/uri-template (v1.0.5): Extracting archive
  - Installing voku/portable-ascii (2.0.3): Extracting archive
  - Installing phpoption/phpoption (1.9.4): Extracting archive
  - Installing graham-campbell/result-type (v1.1.3): Extracting archive
  - Installing vlucas/phpdotenv (v5.6.2): Extracting archive
  - Installing symfony/css-selector (v7.4.0): Extracting archive
  - Installing tijsverkoyen/css-to-inline-styles (v2.3.0): Extracting archive
  - Installing symfony/var-dumper (v7.4.0): Extracting archive
  - Installing symfony/polyfill-uuid (v1.33.0): Extracting archive
  - Installing symfony/uid (v7.4.0): Extracting archive
  - Installing symfony/routing (v7.4.0): Extracting archive
  - Installing symfony/polyfill-php85 (v1.33.0): Extracting archive
  - Installing symfony/polyfill-php84 (v1.33.0): Extracting archive
  - Installing symfony/polyfill-php83 (v1.33.0): Extracting archive
  - Installing symfony/polyfill-intl-idn (v1.33.0): Extracting archive
  - Installing symfony/mime (v7.4.0): Extracting archive
  - Installing psr/event-dispatcher (1.0.0): Extracting archive
  - Installing symfony/event-dispatcher-contracts (v3.6.0): Extracting archive
  - Installing symfony/event-dispatcher (v7.4.0): Extracting archive
  - Installing psr/log (3.0.2): Extracting archive
  - Installing egulias/email-validator (4.0.4): Extracting archive
  - Installing symfony/mailer (v7.4.0): Extracting archive
  - Installing symfony/error-handler (v7.4.0): Extracting archive
  - Installing symfony/http-kernel (v7.4.0): Extracting archive
  - Installing symfony/finder (v7.4.0): Extracting archive
  - Installing ramsey/collection (2.1.1): Extracting archive
  - Installing brick/math (0.14.1): Extracting archive
  - Installing ramsey/uuid (4.9.1): Extracting archive
  - Installing psr/simple-cache (3.0.0): Extracting archive
  - Installing nunomaduro/termwind (v2.3.3): Extracting archive
  - Installing symfony/translation-contracts (v3.6.1): Extracting archive
  - Installing symfony/translation (v7.4.0): Extracting archive
  - Installing psr/clock (1.0.0): Extracting archive
  - Installing symfony/clock (v7.4.0): Extracting archive
  - Installing carbonphp/carbon-doctrine-types (3.2.0): Extracting archive
  - Installing nesbot/carbon (3.11.0): Extracting archive
  - Installing monolog/monolog (3.9.0): Extracting archive
  - Installing league/uri-interfaces (7.6.0): Extracting archive
  - Installing league/uri (7.6.0): Extracting archive
  - Installing league/mime-type-detection (1.16.0): Extracting archive
  - Installing league/flysystem-local (3.30.2): Extracting archive
  - Installing league/flysystem (3.30.2): Extracting archive
  - Installing nette/utils (v4.1.0): Extracting archive
  - Installing nette/schema (v1.3.3): Extracting archive
  - Installing dflydev/dot-access-data (v3.0.3): Extracting archive
  - Installing league/config (v1.2.0): Extracting archive
  - Installing league/commonmark (2.8.0): Extracting archive
  - Installing laravel/serializable-closure (v2.0.7): Extracting archive
  - Installing laravel/prompts (v0.3.8): Extracting archive
  - Installing laravel/framework (v12.41.1): Extracting archive
  - Installing inertiajs/inertia-laravel (v2.0.11): Extracting archive
  - Installing paragonie/constant_time_encoding (v3.1.3): Extracting archive
  - Installing pragmarx/google2fa (v9.0.0): Extracting archive
  - Installing bacon/bacon-qr-code (v3.0.3): Extracting archive
  - Installing laravel/fortify (v1.32.1): Extracting archive
  - Installing laravel/pail (v1.2.4): Extracting archive
  - Installing laravel/pint (v1.26.0): Extracting archive
  - Installing symfony/yaml (v7.4.0): Extracting archive
  - Installing laravel/sail (v1.49.0): Extracting archive
  - Installing laravel/sanctum (v4.2.1): Extracting archive
  - Installing psy/psysh (v0.12.15): Extracting archive
  - Installing laravel/tinker (v2.10.2): Extracting archive
  - Installing phpstan/phpdoc-parser (2.3.0): Extracting archive
  - Installing laravel/wayfinder (v0.1.12): Extracting archive
  - Installing hamcrest/hamcrest-php (v2.1.1): Extracting archive
  - Installing mockery/mockery (1.6.12): Extracting archive
  - Installing filp/whoops (2.18.4): Extracting archive
  - Installing nunomaduro/collision (v8.8.3): Extracting archive
  - Installing webmozart/assert (1.12.1): Extracting archive
  - Installing phpdocumentor/reflection-common (2.2.0): Extracting archive
  - Installing doctrine/deprecations (1.1.5): Extracting archive
  - Installing phpdocumentor/type-resolver (1.12.0): Extracting archive
  - Installing phpdocumentor/reflection-docblock (5.6.5): Extracting archive
  - Installing ta-tikoma/phpunit-architecture-test (0.8.5): Extracting archive
  - Installing pestphp/pest-plugin-arch (v4.0.0): Extracting archive
  - Installing pestphp/pest-plugin-profanity (v4.2.0): Extracting archive
  - Installing pestphp/pest-plugin-mutate (v4.0.1): Extracting archive
  - Installing pestphp/pest (v4.1.6): Extracting archive
  - Installing pestphp/pest-plugin-laravel (v4.0.0): Extracting archive
   0/132 [>---------------------------]   0%
  20/132 [====>-----------------------]  15%
  30/132 [======>---------------------]  22%
  40/132 [========>-------------------]  30%
  59/132 [============>---------------]  44%
  71/132 [===============>------------]  53%
  84/132 [=================>----------]  63%
  93/132 [===================>--------]  70%
 107/132 [======================>-----]  81%
 127/132 [==========================>-]  96%
 132/132 [============================] 100%
Generating optimized autoload files
Class UserPrizeApiTest located in ./tests/Feature/UserPrizeApiTest.php does not comply with psr-4 autoloading standard (rule: Tests\ => ./tests). Skipping.
> Illuminate\Foundation\ComposerScripts::postAutoloadDump
> @php artisan package:discover --ansi

  [37;44m INFO [39;49m Discovering packages.

  inertiajs/inertia-laravel [90m.[39m[90m.[39m[90m.[39m[90m.[39m[90m.[39m[90m.[39m[90m.[39m[90m.[39m[90m.[39m[90m.[39m[90m.[39m[90m.[39m[90m.[39m[90m.[39m[90m.[39m[90m.[39m[90m.[39m[90m.[39m[90m.[39m[90m.[39m[90m.[39m[90m.[39m[90m.[39m[90m.[39m[90m.[39m[90m.[39m[90m.[39m[90m.[39m[90m.[39m[90m.[39m[90m.[39m[90m.[39m[90m.[39m[90m.[39m[90m.[39m[90m.[39m[90m.[39m[90m.[39m[90m.[39m[90m.[39m[90m.[39m[90m.[39m[90m.[39m[90m.[39m[90m.[39m [32;1mDONE[39;22m
  laravel/fortify [90m.[39m[90m.[39m[90m.[39m[90m.[39m[90m.[39m[90m.[39m[90m.[39m[90m.[39m[90m.[39m[90m.[39m[90m.[39m[90m.[39m[90m.[39m[90m.[39m[90m.[39m[90m.[39m[90m.[39m[90m.[39m[90m.[39m[90m.[39m[90m.[39m[90m.[39m[90m.[39m[90m.[39m[90m.[39m[90m.[39m[90m.[39m[90m.[39m[90m.[39m[90m.[39m[90m.[39m[90m.[39m[90m.[39m[90m.[39m[90m.[39m[90m.[39m[90m.[39m[90m.[39m[90m.[39m[90m.[39m[90m.[39m[90m.[39m[90m.[39m[90m.[39m[90m.[39m[90m.[39m[90m.[39m[90m.[39m[90m.[39m[90m.[39m[90m.[39m[90m.[39m[90m.[39m[90m.[39m[90m.[39m [32;1mDONE[39;22m
  laravel/pail [90m.[39m[90m.[39m[90m.[39m[90m.[39m[90m.[39m[90m.[39m[90m.[39m[90m.[39m[90m.[39m[90m.[39m[90m.[39m[90m.[39m[90m.[39m[90m.[39m[90m.[39m[90m.[39m[90m.[39m[90m.[39m[90m.[39m[90m.[39m[90m.[39m[90m.[39m[90m.[39m[90m.[39m[90m.[39m[90m.[39m[90m.[39m[90m.[39m[90m.[39m[90m.[39m[90m.[39m[90m.[39m[90m.[39m[90m.[39m[90m.[39m[90m.[39m[90m.[39m[90m.[39m[90m.[39m[90m.[39m[90m.[39m[90m.[39m[90m.[39m[90m.[39m[90m.[39m[90m.[39m[90m.[39m[90m.[39m[90m.[39m[90m.[39m[90m.[39m[90m.[39m[90m.[39m[90m.[39m[90m.[39m[90m.[39m[90m.[39m[90m.[39m [32;1mDONE[39;22m
  laravel/sail [90m.[39m[90m.[39m[90m.[39m[90m.[39m[90m.[39m[90m.[39m[90m.[39m[90m.[39m[90m.[39m[90m.[39m[90m.[39m[90m.[39m[90m.[39m[90m.[39m[90m.[39m[90m.[39m[90m.[39m[90m.[39m[90m.[39m[90m.[39m[90m.[39m[90m.[39m[90m.[39m[90m.[39m[90m.[39m[90m.[39m[90m.[39m[90m.[39m[90m.[39m[90m.[39m[90m.[39m[90m.[39m[90m.[39m[90m.[39m[90m.[39m[90m.[39m[90m.[39m[90m.[39m[90m.[39m[90m.[39m[90m.[39m[90m.[39m[90m.[39m[90m.[39m[90m.[39m[90m.[39m[90m.[39m[90m.[39m[90m.[39m[90m.[39m[90m.[39m[90m.[39m[90m.[39m[90m.[39m[90m.[39m[90m.[39m[90m.[39m[90m.[39m [32;1mDONE[39;22m
  laravel/sanctum [90m.[39m[90m.[39m[90m.[39m[90m.[39m[90m.[39m[90m.[39m[90m.[39m[90m.[39m[90m.[39m[90m.[39m[90m.[39m[90m.[39m[90m.[39m[90m.[39m[90m.[39m[90m.[39m[90m.[39m[90m.[39m[90m.[39m[90m.[39m[90m.[39m[90m.[39m[90m.[39m[90m.[39m[90m.[39m[90m.[39m[90m.[39m[90m.[39m[90m.[39m[90m.[39m[90m.[39m[90m.[39m[90m.[39m[90m.[39m[90m.[39m[90m.[39m[90m.[39m[90m.[39m[90m.[39m[90m.[39m[90m.[39m[90m.[39m[90m.[39m[90m.[39m[90m.[39m[90m.[39m[90m.[39m[90m.[39m[90m.[39m[90m.[39m[90m.[39m[90m.[39m[90m.[39m[90m.[39m[90m.[39m [32;1mDONE[39;22m
  laravel/tinker [90m.[39m[90m.[39m[90m.[39m[90m.[39m[90m.[39m[90m.[39m[90m.[39m[90m.[39m[90m.[39m[90m.[39m[90m.[39m[90m.[39m[90m.[39m[90m.[39m[90m.[39m[90m.[39m[90m.[39m[90m.[39m[90m.[39m[90m.[39m[90m.[39m[90m.[39m[90m.[39m[90m.[39m[90m.[39m[90m.[39m[90m.[39m[90m.[39m[90m.[39m[90m.[39m[90m.[39m[90m.[39m[90m.[39m[90m.[39m[90m.[39m[90m.[39m[90m.[39m[90m.[39m[90m.[39m[90m.[39m[90m.[39m[90m.[39m[90m.[39m[90m.[39m[90m.[39m[90m.[39m[90m.[39m[90m.[39m[90m.[39m[90m.[39m[90m.[39m[90m.[39m[90m.[39m[90m.[39m[90m.[39m[90m.[39m [32;1mDONE[39;22m
  laravel/wayfinder [90m.[39m[90m.[39m[90m.[39m[90m.[39m[90m.[39m[90m.[39m[90m.[39m[90m.[39m[90m.[39m[90m.[39m[90m.[39m[90m.[39m[90m.[39m[90m.[39m[90m.[39m[90m.[39m[90m.[39m[90m.[39m[90m.[39m[90m.[39m[90m.[39m[90m.[39m[90m.[39m[90m.[39m[90m.[39m[90m.[39m[90m.[39m[90m.[39m[90m.[39m[90m.[39m[90m.[39m[90m.[39m[90m.[39m[90m.[39m[90m.[39m[90m.[39m[90m.[39m[90m.[39m[90m.[39m[90m.[39m[90m.[39m[90m.[39m[90m.[39m[90m.[39m[90m.[39m[90m.[39m[90m.[39m[90m.[39m[90m.[39m[90m.[39m[90m.[39m[90m.[39m[90m.[39m [32;1mDONE[39;22m
  nesbot/carbon [90m.[39m[90m.[39m[90m.[39m[90m.[39m[90m.[39m[90m.[39m[90m.[39m[90m.[39m[90m.[39m[90m.[39m[90m.[39m[90m.[39m[90m.[39m[90m.[39m[90m.[39m[90m.[39m[90m.[39m[90m.[39m[90m.[39m[90m.[39m[90m.[39m[90m.[39m[90m.[39m[90m.[39m[90m.[39m[90m.[39m[90m.[39m[90m.[39m[90m.[39m[90m.[39m[90m.[39m[90m.[39m[90m.[39m[90m.[39m[90m.[39m[90m.[39m[90m.[39m[90m.[39m[90m.[39m[90m.[39m[90m.[39m[90m.[39m[90m.[39m[90m.[39m[90m.[39m[90m.[39m[90m.[39m[90m.[39m[90m.[39m[90m.[39m[90m.[39m[90m.[39m[90m.[39m[90m.[39m[90m.[39m[90m.[39m[90m.[39m [32;1mDONE[39;22m
  nunomaduro/collision [90m.[39m[90m.[39m[90m.[39m[90m.[39m[90m.[39m[90m.[39m[90m.[39m[90m.[39m[90m.[39m[90m.[39m[90m.[39m[90m.[39m[90m.[39m[90m.[39m[90m.[39m[90m.[39m[90m.[39m[90m.[39m[90m.[39m[90m.[39m[90m.[39m[90m.[39m[90m.[39m[90m.[39m[90m.[39m[90m.[39m[90m.[39m[90m.[39m[90m.[39m[90m.[39m[90m.[39m[90m.[39m[90m.[39m[90m.[39m[90m.[39m[90m.[39m[90m.[39m[90m.[39m[90m.[39m[90m.[39m[90m.[39m[90m.[39m[90m.[39m[90m.[39m[90m.[39m[90m.[39m[90m.[39m[90m.[39m[90m.[39m[90m.[39m [32;1mDONE[39;22m
  nunomaduro/termwind [90m.[39m[90m.[39m[90m.[39m[90m.[39m[90m.[39m[90m.[39m[90m.[39m[90m.[39m[90m.[39m[90m.[39m[90m.[39m[90m.[39m[90m.[39m[90m.[39m[90m.[39m[90m.[39m[90m.[39m[90m.[39m[90m.[39m[90m.[39m[90m.[39m[90m.[39m[90m.[39m[90m.[39m[90m.[39m[90m.[39m[90m.[39m[90m.[39m[90m.[39m[90m.[39m[90m.[39m[90m.[39m[90m.[39m[90m.[39m[90m.[39m[90m.[39m[90m.[39m[90m.[39m[90m.[39m[90m.[39m[90m.[39m[90m.[39m[90m.[39m[90m.[39m[90m.[39m[90m.[39m[90m.[39m[90m.[39m[90m.[39m[90m.[39m[90m.[39m [32;1mDONE[39;22m
  pestphp/pest-plugin-laravel [90m.[39m[90m.[39m[90m.[39m[90m.[39m[90m.[39m[90m.[39m[90m.[39m[90m.[39m[90m.[39m[90m.[39m[90m.[39m[90m.[39m[90m.[39m[90m.[39m[90m.[39m[90m.[39m[90m.[39m[90m.[39m[90m.[39m[90m.[39m[90m.[39m[90m.[39m[90m.[39m[90m.[39m[90m.[39m[90m.[39m[90m.[39m[90m.[39m[90m.[39m[90m.[39m[90m.[39m[90m.[39m[90m.[39m[90m.[39m[90m.[39m[90m.[39m[90m.[39m[90m.[39m[90m.[39m[90m.[39m[90m.[39m[90m.[39m[90m.[39m [32;1mDONE[39;22m

86 packages you are using are looking for funding.
Use the `composer fund` command to find out more!
