Visiting localhost:8000...
Console: [vite] connecting...
Console: [vite] connected.
Console: %cDownload the React DevTools for a better development experience: https://react.dev/link/react-devtools font-weight:bold
Checking registration...
Registering...
Checking Gacha...
Page Error: getPoints is not defined
Console: %s

%s
 An error occurred in the <GachaScreen> component. Consider adding an error boundary to your tree to customize error handling behavior.
Visit https://react.dev/link/error-boundaries to learn more about error boundaries.
Page Error: getPoints is not defined
Console: %s

%s
 An error occurred in the <GachaScreen> component. Consider adding an error boundary to your tree to customize error handling behavior.
Visit https://react.dev/link/error-boundaries to learn more about error boundaries.
Error: Locator expected to be visible
Actual value: <element(s) not found>
Call log:
  - Expect "to_be_visible" with timeout 5000ms
  - waiting for get_by_text("しょじポイント:")

Traceback (most recent call last):
  File "/app/verification/verify_points.py", line 99, in <module>
    run(playwright)
  File "/app/verification/verify_points.py", line 93, in run
    raise e
  File "/app/verification/verify_points.py", line 48, in run
    expect(page.get_by_text("しょじポイント:")).to_be_visible()
  File "/home/jules/.pyenv/versions/3.12.12/lib/python3.12/site-packages/playwright/sync_api/_generated.py", line 20424, in to_be_visible
    self._sync(self._impl_obj.to_be_visible(visible=visible, timeout=timeout))
  File "/home/jules/.pyenv/versions/3.12.12/lib/python3.12/site-packages/playwright/_impl/_sync_base.py", line 115, in _sync
    return task.result()
           ^^^^^^^^^^^^^
  File "/home/jules/.pyenv/versions/3.12.12/lib/python3.12/site-packages/playwright/_impl/_assertions.py", line 763, in to_be_visible
    await self._expect_impl(
  File "/home/jules/.pyenv/versions/3.12.12/lib/python3.12/site-packages/playwright/_impl/_assertions.py", line 83, in _expect_impl
    raise AssertionError(
AssertionError: Locator expected to be visible
Actual value: <element(s) not found>
Call log:
  - Expect "to_be_visible" with timeout 5000ms
  - waiting for get_by_text("しょじポイント:")
