Visiting localhost:8000...
Checking registration...
Registering...
Checking Gacha...
Error: Locator expected to be visible
Actual value: <element(s) not found>
Call log:
  - Expect "to_be_visible" with timeout 5000ms
  - waiting for get_by_text("しょじポイント:")

Traceback (most recent call last):
  File "/app/verification/verify_points.py", line 96, in <module>
    run(playwright)
  File "/app/verification/verify_points.py", line 90, in run
    raise e
  File "/app/verification/verify_points.py", line 45, in run
    expect(page.get_by_text("しょじポイント:")).to_be_visible()
  File "/home/jules/.pyenv/versions/3.12.12/lib/python3.12/site-packages/playwright/sync_api/_generated.py", line 20424, in to_be_visible
    self._sync(self._impl_obj.to_be_visible(visible=visible, timeout=timeout))
  File "/home/jules/.pyenv/versions/3.12.12/lib/python3.12/site-packages/playwright/_impl/_sync_base.py", line 115, in _sync
    return task.result()
           ^^^^^^^^^^^^^
  File "/home/jules/.pyenv/versions/3.12.12/lib/python3.12/site-packages/playwright/_impl/_assertions.py", line 763, in to_be_visible
    await self._expect_impl(
  File "/home/jules/.pyenv/versions/3.12.12/lib/python3.12/site-packages/playwright/_impl/_assertions.py", line 83, in _expect_impl
    raise AssertionError(
AssertionError: Locator expected to be visible
Actual value: <element(s) not found>
Call log:
  - Expect "to_be_visible" with timeout 5000ms
  - waiting for get_by_text("しょじポイント:")
